
ROM used:   6758/32768 (21%)
            6758/32768 (21%) including unused fragments

            2.3 Average locations per line
            12.5 Average locations per statement

RAM used:   645/2048 (31%) at main() level
            703/2048 (34%) worst case

Stack used: 3 worst case (2 in main + 1 for interrupts)
Stack size: 31

Lines Stmts  %   Files
----- ----- ---  -----
  313   183  34  main.c
  766     0   0  ..\..\..\..\Program Files (x86)\PICC\Devices\18F2553.h
   41     0   0  Definitions.h
 1351   359  66  ..\..\..\..\Program Files (x86)\PICC\Drivers\stdlib.h
   32     0   0  ..\..\..\..\Program Files (x86)\PICC\Drivers\stddef.h
  423     0   0  ..\..\..\..\Program Files (x86)\PICC\Drivers\string.h
   28     0   0  ..\..\..\..\Program Files (x86)\PICC\Drivers\ctype.h
   37     0   0  ..\..\..\..\Program Files (x86)\PICC\Drivers\stdio.h
----- -----
 2991   542 Total

Page ROM  %  RAM    Vol Diff  Functions:
---- --- --- ---    --- ----  ----------
0     40   0    1   1528  9.3  @delay_ms1
0    246   2   11             @MULFF
0     54   0    2   1528  9.3  @ITOF
0    632   5   16   1528  9.3  @ADDFF
0    350   3   14   1528  9.3  @DIVFF
0    586   4   19   1542 12.4  strtof
0     44   0    0    176  3.5  t0
0     24   0    1     45  1.7  rda_isr
0    496   4    2    456  4.6  MAIN
0     60   0    4             @SFTOI
0     50   0    0    212  2.3  setup
0     78   1    0    270  1.9  start_alert
0     86   1    0    349  2.4  Motor1_Start
0    622   5    8    970  5.8  If_Message
0     12   0    0             @const956
0     36   0    2             @PSTRINGC_9600_31766_31767
0     24   0    0             @const958
0     42   0    3             @PSTRINGCN_9600_31766_31767
0     66   0    5             @FTOSD
0    148   1   13             @DIV3232
0    422   3   13             @PRINTF_L32D_9600_31766_31767FPFPF
0     40   0    0             @const969
0    188   1    2    520  5.7  process_tel_number
0    224   2   22    652  6.9  Get_GPS
0   1270   9    5   1528  9.3  gps_info_processor
0    122   1   10             @FLT
0     32   0    1             @SPRINTF
0    424   3   13             @PRINTF_L32D_980FPFPF
0    158   1    3    673  4.8  dummyFunction
 Inline         0             @cinit1

Program metrics:
    Functions               16
    Statements              542
    Comments                738
    Volume (V)              21400
    Difficulty (D)          97.4
    Effort to implement (E) 2084692
    Time to implement (T)   32 hours, 10 minutes
    Est Delivered Bugs (B)  5
    Cyclomatic Complexity   52
    Maintainability (MI)    31

 Segment     Used  Free
-----------  ----  ----
00000-00002     4  0  
00004-00006     0  4  
00008-000B8   178  0  
000BA-07FFE  6576  26006  



